2025-12-29T12:56:11.328+01:00  INFO 25672 --- [SpringMS] [main] c.j.SpringMS.SpringMsApplicationTests    : Starting SpringMsApplicationTests using Java 25 with PID 25672 (started by admin in C:\Users\admin\Desktop\FirstMS)
2025-12-29T12:56:11.331+01:00 DEBUG 25672 --- [SpringMS] [main] c.j.SpringMS.SpringMsApplicationTests    : Running with Spring Boot v4.0.0, Spring v7.0.1
2025-12-29T12:56:11.333+01:00  INFO 25672 --- [SpringMS] [main] c.j.SpringMS.SpringMsApplicationTests    : No active profile set, falling back to 1 default profile: "default"
2025-12-29T12:56:12.481+01:00  INFO 25672 --- [SpringMS] [main] .s.d.r.c.RepositoryConfigurationDelegate : Bootstrapping Spring Data JPA repositories in DEFAULT mode.
2025-12-29T12:56:12.545+01:00  INFO 25672 --- [SpringMS] [main] .s.d.r.c.RepositoryConfigurationDelegate : Finished Spring Data repository scanning in 52 ms. Found 1 JPA repository interface.
2025-12-29T12:56:13.138+01:00  INFO 25672 --- [SpringMS] [main] o.hibernate.jpa.internal.util.LogHelper  : HHH000204: Processing PersistenceUnitInfo [name: default]
2025-12-29T12:56:13.212+01:00  INFO 25672 --- [SpringMS] [main] org.hibernate.Version                    : HHH000412: Hibernate ORM core version 7.1.8.Final
2025-12-29T12:56:13.898+01:00  INFO 25672 --- [SpringMS] [main] o.s.o.j.p.SpringPersistenceUnitInfo      : No LoadTimeWeaver setup: ignoring JPA class transformer
2025-12-29T12:56:13.931+01:00  INFO 25672 --- [SpringMS] [main] com.zaxxer.hikari.HikariDataSource       : HikariPool-1 - Starting...
2025-12-29T12:56:14.116+01:00  INFO 25672 --- [SpringMS] [main] com.zaxxer.hikari.pool.HikariPool        : HikariPool-1 - Added connection conn0: url=jdbc:h2:mem:SpringMS user=SALAH
2025-12-29T12:56:14.117+01:00  INFO 25672 --- [SpringMS] [main] com.zaxxer.hikari.HikariDataSource       : HikariPool-1 - Start completed.
2025-12-29T12:56:14.184+01:00  INFO 25672 --- [SpringMS] [main] org.hibernate.orm.connections.pooling    : HHH10001005: Database info:
	Database JDBC URL [jdbc:h2:mem:SpringMS]
	Database driver: H2 JDBC Driver
	Database dialect: H2Dialect
	Database version: 2.4.240
	Default catalog/schema: SPRINGMS/PUBLIC
	Autocommit mode: undefined/unknown
	Isolation level: READ_COMMITTED [default READ_COMMITTED]
	JDBC fetch size: 100
	Pool: DatasourceConnectionProviderImpl
	Minimum pool size: undefined/unknown
	Maximum pool size: undefined/unknown
2025-12-29T12:56:15.081+01:00  INFO 25672 --- [SpringMS] [main] o.h.e.t.j.p.i.JtaPlatformInitiator       : HHH000489: No JTA platform available (set 'hibernate.transaction.jta.platform' to enable JTA platform integration)
2025-12-29T12:56:15.135+01:00 DEBUG 25672 --- [SpringMS] [main] org.hibernate.SQL                        : 
    create table personne (
        id bigint generated by default as identity,
        nom varchar(255) not null,
        prenom varchar(255) not null,
        primary key (id)
    )
2025-12-29T12:56:15.148+01:00  INFO 25672 --- [SpringMS] [main] j.LocalContainerEntityManagerFactoryBean : Initialized JPA EntityManagerFactory for persistence unit 'default'
2025-12-29T12:56:15.261+01:00  INFO 25672 --- [SpringMS] [main] o.s.d.j.r.query.QueryEnhancerFactories   : Hibernate is in classpath; If applicable, HQL parser will be used.
2025-12-29T12:56:15.627+01:00  WARN 25672 --- [SpringMS] [main] JpaBaseConfiguration$JpaWebConfiguration : spring.jpa.open-in-view is enabled by default. Therefore, database queries may be performed during view rendering. Explicitly configure spring.jpa.open-in-view to disable this warning
2025-12-29T12:56:16.196+01:00  INFO 25672 --- [SpringMS] [main] o.s.b.h.a.H2ConsoleAutoConfiguration     : H2 console available at '/h2-console'. Database available at 'jdbc:h2:mem:SpringMS'
2025-12-29T12:56:16.326+01:00  INFO 25672 --- [SpringMS] [main] c.j.SpringMS.SpringMsApplicationTests    : Started SpringMsApplicationTests in 5.338 seconds (process running for 7.139)
2025-12-29T12:56:16.410+01:00 DEBUG 25672 --- [SpringMS] [main] org.hibernate.SQL                        : 
    insert 
    into
        personne
        (nom, prenom, id) 
    values
        (?, ?, default)
2025-12-29T12:56:16.447+01:00 DEBUG 25672 --- [SpringMS] [main] org.hibernate.SQL                        : 
    insert 
    into
        personne
        (nom, prenom, id) 
    values
        (?, ?, default)
2025-12-29T12:56:16.449+01:00 DEBUG 25672 --- [SpringMS] [main] org.hibernate.SQL                        : 
    insert 
    into
        personne
        (nom, prenom, id) 
    values
        (?, ?, default)
2025-12-29T12:56:16.962+01:00  INFO 25672 --- [SpringMS] [SpringApplicationShutdownHook] j.LocalContainerEntityManagerFactoryBean : Closing JPA EntityManagerFactory for persistence unit 'default'
2025-12-29T12:56:16.965+01:00  INFO 25672 --- [SpringMS] [SpringApplicationShutdownHook] com.zaxxer.hikari.HikariDataSource       : HikariPool-1 - Shutdown initiated...
2025-12-29T12:56:16.970+01:00  INFO 25672 --- [SpringMS] [SpringApplicationShutdownHook] com.zaxxer.hikari.HikariDataSource       : HikariPool-1 - Shutdown completed.
2025-12-29T12:56:51.197+01:00  INFO 17092 --- [SpringMS] [restartedMain] c.j.SpringMS.SpringMsApplication         : Starting SpringMsApplication using Java 25 with PID 17092 (C:\Users\admin\Desktop\FirstMS\target\classes started by admin in C:\Users\admin\Desktop\FirstMS)
2025-12-29T12:56:51.201+01:00 DEBUG 17092 --- [SpringMS] [restartedMain] c.j.SpringMS.SpringMsApplication         : Running with Spring Boot v4.0.0, Spring v7.0.1
2025-12-29T12:56:51.202+01:00  INFO 17092 --- [SpringMS] [restartedMain] c.j.SpringMS.SpringMsApplication         : No active profile set, falling back to 1 default profile: "default"
2025-12-29T12:56:51.253+01:00  INFO 17092 --- [SpringMS] [restartedMain] .e.DevToolsPropertyDefaultsPostProcessor : Devtools property defaults active! Set 'spring.devtools.add-properties' to 'false' to disable
2025-12-29T12:56:51.254+01:00  INFO 17092 --- [SpringMS] [restartedMain] .e.DevToolsPropertyDefaultsPostProcessor : For additional web related logging consider setting the 'logging.level.web' property to 'DEBUG'
2025-12-29T12:56:52.096+01:00  INFO 17092 --- [SpringMS] [restartedMain] .s.d.r.c.RepositoryConfigurationDelegate : Bootstrapping Spring Data JPA repositories in DEFAULT mode.
2025-12-29T12:56:52.151+01:00  INFO 17092 --- [SpringMS] [restartedMain] .s.d.r.c.RepositoryConfigurationDelegate : Finished Spring Data repository scanning in 46 ms. Found 1 JPA repository interface.
2025-12-29T12:56:52.647+01:00  INFO 17092 --- [SpringMS] [restartedMain] o.s.boot.tomcat.TomcatWebServer          : Tomcat initialized with port 8081 (http)
2025-12-29T12:56:52.660+01:00  INFO 17092 --- [SpringMS] [restartedMain] o.apache.catalina.core.StandardService   : Starting service [Tomcat]
2025-12-29T12:56:52.661+01:00  INFO 17092 --- [SpringMS] [restartedMain] o.apache.catalina.core.StandardEngine    : Starting Servlet engine: [Apache Tomcat/11.0.14]
2025-12-29T12:56:52.706+01:00  INFO 17092 --- [SpringMS] [restartedMain] b.w.c.s.WebApplicationContextInitializer : Root WebApplicationContext: initialization completed in 1451 ms
2025-12-29T12:56:52.869+01:00  INFO 17092 --- [SpringMS] [restartedMain] o.hibernate.jpa.internal.util.LogHelper  : HHH000204: Processing PersistenceUnitInfo [name: default]
2025-12-29T12:56:52.914+01:00  INFO 17092 --- [SpringMS] [restartedMain] org.hibernate.Version                    : HHH000412: Hibernate ORM core version 7.1.8.Final
2025-12-29T12:56:53.356+01:00  INFO 17092 --- [SpringMS] [restartedMain] o.s.o.j.p.SpringPersistenceUnitInfo      : No LoadTimeWeaver setup: ignoring JPA class transformer
2025-12-29T12:56:53.389+01:00  INFO 17092 --- [SpringMS] [restartedMain] com.zaxxer.hikari.HikariDataSource       : HikariPool-1 - Starting...
2025-12-29T12:56:53.556+01:00  INFO 17092 --- [SpringMS] [restartedMain] com.zaxxer.hikari.pool.HikariPool        : HikariPool-1 - Added connection conn0: url=jdbc:h2:mem:SpringMS user=SALAH
2025-12-29T12:56:53.558+01:00  INFO 17092 --- [SpringMS] [restartedMain] com.zaxxer.hikari.HikariDataSource       : HikariPool-1 - Start completed.
2025-12-29T12:56:53.615+01:00  INFO 17092 --- [SpringMS] [restartedMain] org.hibernate.orm.connections.pooling    : HHH10001005: Database info:
	Database JDBC URL [jdbc:h2:mem:SpringMS]
	Database driver: H2 JDBC Driver
	Database dialect: H2Dialect
	Database version: 2.4.240
	Default catalog/schema: SPRINGMS/PUBLIC
	Autocommit mode: undefined/unknown
	Isolation level: READ_COMMITTED [default READ_COMMITTED]
	JDBC fetch size: 100
	Pool: DatasourceConnectionProviderImpl
	Minimum pool size: undefined/unknown
	Maximum pool size: undefined/unknown
2025-12-29T12:56:54.450+01:00  INFO 17092 --- [SpringMS] [restartedMain] o.h.e.t.j.p.i.JtaPlatformInitiator       : HHH000489: No JTA platform available (set 'hibernate.transaction.jta.platform' to enable JTA platform integration)
2025-12-29T12:56:54.504+01:00 DEBUG 17092 --- [SpringMS] [restartedMain] org.hibernate.SQL                        : 
    create table personne (
        id bigint generated by default as identity,
        nom varchar(255) not null,
        prenom varchar(255) not null,
        primary key (id)
    )
2025-12-29T12:56:54.517+01:00  INFO 17092 --- [SpringMS] [restartedMain] j.LocalContainerEntityManagerFactoryBean : Initialized JPA EntityManagerFactory for persistence unit 'default'
2025-12-29T12:56:54.600+01:00  INFO 17092 --- [SpringMS] [restartedMain] o.s.d.j.r.query.QueryEnhancerFactories   : Hibernate is in classpath; If applicable, HQL parser will be used.
2025-12-29T12:56:54.833+01:00  WARN 17092 --- [SpringMS] [restartedMain] JpaBaseConfiguration$JpaWebConfiguration : spring.jpa.open-in-view is enabled by default. Therefore, database queries may be performed during view rendering. Explicitly configure spring.jpa.open-in-view to disable this warning
2025-12-29T12:56:55.280+01:00  INFO 17092 --- [SpringMS] [restartedMain] o.s.b.h.a.H2ConsoleAutoConfiguration     : H2 console available at '/h2-console'. Database available at 'jdbc:h2:mem:SpringMS'
2025-12-29T12:56:55.340+01:00  INFO 17092 --- [SpringMS] [restartedMain] o.s.boot.tomcat.TomcatWebServer          : Tomcat started on port 8081 (http) with context path '/ws'
2025-12-29T12:56:55.347+01:00  INFO 17092 --- [SpringMS] [restartedMain] c.j.SpringMS.SpringMsApplication         : Started SpringMsApplication in 4.61 seconds (process running for 5.492)
2025-12-29T12:56:55.423+01:00 DEBUG 17092 --- [SpringMS] [restartedMain] org.hibernate.SQL                        : 
    insert 
    into
        personne
        (nom, prenom, id) 
    values
        (?, ?, default)
2025-12-29T12:56:55.455+01:00 DEBUG 17092 --- [SpringMS] [restartedMain] org.hibernate.SQL                        : 
    insert 
    into
        personne
        (nom, prenom, id) 
    values
        (?, ?, default)
2025-12-29T12:56:55.457+01:00 DEBUG 17092 --- [SpringMS] [restartedMain] org.hibernate.SQL                        : 
    insert 
    into
        personne
        (nom, prenom, id) 
    values
        (?, ?, default)
2025-12-29T12:58:25.359+01:00  INFO 17092 --- [SpringMS] [http-nio-8081-exec-7] o.a.c.c.C.[Tomcat].[localhost].[/ws]     : Initializing Spring DispatcherServlet 'dispatcherServlet'
2025-12-29T12:58:25.360+01:00  INFO 17092 --- [SpringMS] [http-nio-8081-exec-7] o.s.web.servlet.DispatcherServlet        : Initializing Servlet 'dispatcherServlet'
2025-12-29T12:58:25.361+01:00  INFO 17092 --- [SpringMS] [http-nio-8081-exec-7] o.s.web.servlet.DispatcherServlet        : Completed initialization in 1 ms
2025-12-29T12:58:25.386+01:00 ERROR 17092 --- [SpringMS] [http-nio-8081-exec-7] c.j.S.handler.GlobalExceptionHandler     : Erreur interne du serveur: 

org.springframework.web.servlet.resource.NoResourceFoundException: No static resource  for request '/ws/'.
	at org.springframework.web.servlet.resource.ResourceHttpRequestHandler.handleRequest(ResourceHttpRequestHandler.java:527) ~[spring-webmvc-7.0.1.jar:7.0.1]
	at org.springframework.web.servlet.mvc.HttpRequestHandlerAdapter.handle(HttpRequestHandlerAdapter.java:50) ~[spring-webmvc-7.0.1.jar:7.0.1]
	at org.springframework.web.servlet.DispatcherServlet.doDispatch(DispatcherServlet.java:963) ~[spring-webmvc-7.0.1.jar:7.0.1]
	at org.springframework.web.servlet.DispatcherServlet.doService(DispatcherServlet.java:866) ~[spring-webmvc-7.0.1.jar:7.0.1]
	at org.springframework.web.servlet.FrameworkServlet.processRequest(FrameworkServlet.java:1003) ~[spring-webmvc-7.0.1.jar:7.0.1]
	at org.springframework.web.servlet.FrameworkServlet.doGet(FrameworkServlet.java:892) ~[spring-webmvc-7.0.1.jar:7.0.1]
	at jakarta.servlet.http.HttpServlet.service(HttpServlet.java:633) ~[jakarta.servlet-api-6.1.0.jar:6.1.0]
	at org.springframework.web.servlet.FrameworkServlet.service(FrameworkServlet.java:874) ~[spring-webmvc-7.0.1.jar:7.0.1]
	at jakarta.servlet.http.HttpServlet.service(HttpServlet.java:723) ~[jakarta.servlet-api-6.1.0.jar:6.1.0]
	at org.apache.catalina.core.ApplicationFilterChain.doFilter(ApplicationFilterChain.java:128) ~[tomcat-embed-core-11.0.14.jar:11.0.14]
	at org.apache.tomcat.websocket.server.WsFilter.doFilter(WsFilter.java:53) ~[tomcat-embed-websocket-11.0.14.jar:11.0.14]
	at org.apache.catalina.core.ApplicationFilterChain.doFilter(ApplicationFilterChain.java:107) ~[tomcat-embed-core-11.0.14.jar:11.0.14]
	at org.springframework.web.filter.RequestContextFilter.doFilterInternal(RequestContextFilter.java:100) ~[spring-web-7.0.1.jar:7.0.1]
	at org.springframework.web.filter.OncePerRequestFilter.doFilter(OncePerRequestFilter.java:116) ~[spring-web-7.0.1.jar:7.0.1]
	at org.apache.catalina.core.ApplicationFilterChain.doFilter(ApplicationFilterChain.java:107) ~[tomcat-embed-core-11.0.14.jar:11.0.14]
	at org.springframework.web.filter.FormContentFilter.doFilterInternal(FormContentFilter.java:93) ~[spring-web-7.0.1.jar:7.0.1]
	at org.springframework.web.filter.OncePerRequestFilter.doFilter(OncePerRequestFilter.java:116) ~[spring-web-7.0.1.jar:7.0.1]
	at org.apache.catalina.core.ApplicationFilterChain.doFilter(ApplicationFilterChain.java:107) ~[tomcat-embed-core-11.0.14.jar:11.0.14]
	at org.springframework.web.filter.CharacterEncodingFilter.doFilterInternal(CharacterEncodingFilter.java:199) ~[spring-web-7.0.1.jar:7.0.1]
	at org.springframework.web.filter.OncePerRequestFilter.doFilter(OncePerRequestFilter.java:116) ~[spring-web-7.0.1.jar:7.0.1]
	at org.apache.catalina.core.ApplicationFilterChain.doFilter(ApplicationFilterChain.java:107) ~[tomcat-embed-core-11.0.14.jar:11.0.14]
	at org.apache.catalina.core.StandardWrapperValve.invoke(StandardWrapperValve.java:165) ~[tomcat-embed-core-11.0.14.jar:11.0.14]
	at org.apache.catalina.core.StandardContextValve.invoke(StandardContextValve.java:77) ~[tomcat-embed-core-11.0.14.jar:11.0.14]
	at org.apache.catalina.authenticator.AuthenticatorBase.invoke(AuthenticatorBase.java:482) ~[tomcat-embed-core-11.0.14.jar:11.0.14]
	at org.apache.catalina.core.StandardHostValve.invoke(StandardHostValve.java:113) ~[tomcat-embed-core-11.0.14.jar:11.0.14]
	at org.apache.catalina.valves.ErrorReportValve.invoke(ErrorReportValve.java:83) ~[tomcat-embed-core-11.0.14.jar:11.0.14]
	at org.apache.catalina.core.StandardEngineValve.invoke(StandardEngineValve.java:72) ~[tomcat-embed-core-11.0.14.jar:11.0.14]
	at org.apache.catalina.connector.CoyoteAdapter.service(CoyoteAdapter.java:341) ~[tomcat-embed-core-11.0.14.jar:11.0.14]
	at org.apache.coyote.http11.Http11Processor.service(Http11Processor.java:397) ~[tomcat-embed-core-11.0.14.jar:11.0.14]
	at org.apache.coyote.AbstractProcessorLight.process(AbstractProcessorLight.java:63) ~[tomcat-embed-core-11.0.14.jar:11.0.14]
	at org.apache.coyote.AbstractProtocol$ConnectionHandler.process(AbstractProtocol.java:903) ~[tomcat-embed-core-11.0.14.jar:11.0.14]
	at org.apache.tomcat.util.net.NioEndpoint$SocketProcessor.doRun(NioEndpoint.java:1778) ~[tomcat-embed-core-11.0.14.jar:11.0.14]
	at org.apache.tomcat.util.net.SocketProcessorBase.run(SocketProcessorBase.java:52) ~[tomcat-embed-core-11.0.14.jar:11.0.14]
	at org.apache.tomcat.util.threads.ThreadPoolExecutor.runWorker(ThreadPoolExecutor.java:946) ~[tomcat-embed-core-11.0.14.jar:11.0.14]
	at org.apache.tomcat.util.threads.ThreadPoolExecutor$Worker.run(ThreadPoolExecutor.java:480) ~[tomcat-embed-core-11.0.14.jar:11.0.14]
	at org.apache.tomcat.util.threads.TaskThread$WrappingRunnable.run(TaskThread.java:57) ~[tomcat-embed-core-11.0.14.jar:11.0.14]
	at java.base/java.lang.Thread.run(Thread.java:1474) ~[na:na]

2025-12-29T12:58:25.494+01:00  WARN 17092 --- [SpringMS] [http-nio-8081-exec-7] .m.m.a.ExceptionHandlerExceptionResolver : Resolved [org.springframework.web.servlet.resource.NoResourceFoundException: No static resource  for request '/ws/'.]
2025-12-29T12:59:39.121+01:00  INFO 17092 --- [SpringMS] [http-nio-8081-exec-1] c.j.SpringMS.services.PersonneService    : Récupération de la liste des personnes
2025-12-29T12:59:39.246+01:00 DEBUG 17092 --- [SpringMS] [http-nio-8081-exec-1] org.hibernate.SQL                        : 
    select
        p1_0.id,
        p1_0.nom,
        p1_0.prenom 
    from
        personne p1_0
2025-12-29T12:59:45.157+01:00 DEBUG 17092 --- [SpringMS] [http-nio-8081-exec-2] c.j.SpringMS.services.PersonneService    : Recherche de la personne avec ID: 2
2025-12-29T12:59:45.164+01:00 DEBUG 17092 --- [SpringMS] [http-nio-8081-exec-2] org.hibernate.SQL                        : 
    select
        p1_0.id,
        p1_0.nom,
        p1_0.prenom 
    from
        personne p1_0 
    where
        p1_0.id=?
2025-12-29T12:59:49.008+01:00 DEBUG 17092 --- [SpringMS] [http-nio-8081-exec-8] c.j.SpringMS.services.PersonneService    : Recherche de la personne avec ID: 34
2025-12-29T12:59:49.009+01:00 DEBUG 17092 --- [SpringMS] [http-nio-8081-exec-8] org.hibernate.SQL                        : 
    select
        p1_0.id,
        p1_0.nom,
        p1_0.prenom 
    from
        personne p1_0 
    where
        p1_0.id=?
2025-12-29T12:59:49.012+01:00  WARN 17092 --- [SpringMS] [http-nio-8081-exec-8] c.j.S.handler.GlobalExceptionHandler     : Personne non trouvée: Personne 34 n'existe pas
2025-12-29T12:59:49.014+01:00  WARN 17092 --- [SpringMS] [http-nio-8081-exec-8] .m.m.a.ExceptionHandlerExceptionResolver : Resolved [com.jobintech.SpringMS.exception.PersonneNotFoundException: Personne 34 n'existe pas]
2025-12-29T12:59:58.975+01:00  INFO 17092 --- [SpringMS] [http-nio-8081-exec-4] c.j.SpringMS.services.PersonneService    : Création d'une nouvelle personne:  l3rbi
2025-12-29T12:59:58.986+01:00 ERROR 17092 --- [SpringMS] [http-nio-8081-exec-4] c.j.S.handler.GlobalExceptionHandler     : Violation de contrainte: Validation failed for classes [com.jobintech.SpringMS.model.Personne] during persist time for groups [jakarta.validation.groups.Default, ]
List of constraint violations:[
	ConstraintViolationImpl{interpolatedMessage='Le nom ne peut pas être vide', propertyPath=nom, rootBeanClass=class com.jobintech.SpringMS.model.Personne, messageTemplate='Le nom ne peut pas être vide'}
]
2025-12-29T12:59:58.988+01:00  WARN 17092 --- [SpringMS] [http-nio-8081-exec-4] .m.m.a.ExceptionHandlerExceptionResolver : Resolved [jakarta.validation.ConstraintViolationException: Validation failed for classes [com.jobintech.SpringMS.model.Personne] during persist time for groups [jakarta.validation.groups.Default, ]<EOL>List of constraint violations:[<EOL>?ConstraintViolationImpl{interpolatedMessage='Le nom ne peut pas être vide', propertyPath=nom, rootBeanClass=class com.jobintech.SpringMS.model.Personne, messageTemplate='Le nom ne peut pas être vide'}<EOL>]]
2025-12-29T13:00:23.218+01:00  INFO 17092 --- [SpringMS] [http-nio-8081-exec-9] c.j.SpringMS.services.PersonneService    : Création d'une nouvelle personne: dkali l3rbi
2025-12-29T13:00:23.219+01:00 DEBUG 17092 --- [SpringMS] [http-nio-8081-exec-9] org.hibernate.SQL                        : 
    insert 
    into
        personne
        (nom, prenom, id) 
    values
        (?, ?, default)
2025-12-29T13:00:42.514+01:00  INFO 17092 --- [SpringMS] [SpringApplicationShutdownHook] o.s.boot.tomcat.GracefulShutdown         : Commencing graceful shutdown. Waiting for active requests to complete
2025-12-29T13:00:42.526+01:00  INFO 17092 --- [SpringMS] [tomcat-shutdown] o.s.boot.tomcat.GracefulShutdown         : Graceful shutdown complete
2025-12-29T13:00:42.530+01:00  INFO 17092 --- [SpringMS] [SpringApplicationShutdownHook] j.LocalContainerEntityManagerFactoryBean : Closing JPA EntityManagerFactory for persistence unit 'default'
2025-12-29T13:00:42.537+01:00  WARN 17092 --- [SpringMS] [SpringApplicationShutdownHook] o.s.b.f.support.DisposableBeanAdapter    : Invocation of destroy method failed on bean with name 'inMemoryDatabaseShutdownExecutor': org.h2.jdbc.JdbcSQLNonTransientConnectionException: Database is already closed (to disable automatic closing at VM shutdown, add ";DB_CLOSE_ON_EXIT=FALSE" to the db URL) [90121-240]
2025-12-29T13:00:42.538+01:00  INFO 17092 --- [SpringMS] [SpringApplicationShutdownHook] com.zaxxer.hikari.HikariDataSource       : HikariPool-1 - Shutdown initiated...
2025-12-29T13:00:42.539+01:00  INFO 17092 --- [SpringMS] [SpringApplicationShutdownHook] com.zaxxer.hikari.HikariDataSource       : HikariPool-1 - Shutdown completed.
2025-12-29T13:04:28.798+01:00  INFO 26688 --- [SpringMS] [restartedMain] c.j.SpringMS.SpringMsApplication         : Starting SpringMsApplication using Java 25 with PID 26688 (C:\Users\admin\Desktop\FirstMS\target\classes started by admin in C:\Users\admin\Desktop\FirstMS)
2025-12-29T13:04:28.801+01:00 DEBUG 26688 --- [SpringMS] [restartedMain] c.j.SpringMS.SpringMsApplication         : Running with Spring Boot v4.0.0, Spring v7.0.1
2025-12-29T13:04:28.802+01:00  INFO 26688 --- [SpringMS] [restartedMain] c.j.SpringMS.SpringMsApplication         : No active profile set, falling back to 1 default profile: "default"
2025-12-29T13:04:28.859+01:00  INFO 26688 --- [SpringMS] [restartedMain] .e.DevToolsPropertyDefaultsPostProcessor : Devtools property defaults active! Set 'spring.devtools.add-properties' to 'false' to disable
2025-12-29T13:04:28.859+01:00  INFO 26688 --- [SpringMS] [restartedMain] .e.DevToolsPropertyDefaultsPostProcessor : For additional web related logging consider setting the 'logging.level.web' property to 'DEBUG'
2025-12-29T13:04:29.665+01:00  INFO 26688 --- [SpringMS] [restartedMain] .s.d.r.c.RepositoryConfigurationDelegate : Bootstrapping Spring Data JPA repositories in DEFAULT mode.
2025-12-29T13:04:29.716+01:00  INFO 26688 --- [SpringMS] [restartedMain] .s.d.r.c.RepositoryConfigurationDelegate : Finished Spring Data repository scanning in 43 ms. Found 1 JPA repository interface.
2025-12-29T13:04:30.224+01:00  INFO 26688 --- [SpringMS] [restartedMain] o.s.boot.tomcat.TomcatWebServer          : Tomcat initialized with port 8081 (http)
2025-12-29T13:04:30.238+01:00  INFO 26688 --- [SpringMS] [restartedMain] o.apache.catalina.core.StandardService   : Starting service [Tomcat]
2025-12-29T13:04:30.239+01:00  INFO 26688 --- [SpringMS] [restartedMain] o.apache.catalina.core.StandardEngine    : Starting Servlet engine: [Apache Tomcat/11.0.14]
2025-12-29T13:04:30.286+01:00  INFO 26688 --- [SpringMS] [restartedMain] b.w.c.s.WebApplicationContextInitializer : Root WebApplicationContext: initialization completed in 1426 ms
2025-12-29T13:04:30.431+01:00  INFO 26688 --- [SpringMS] [restartedMain] o.hibernate.jpa.internal.util.LogHelper  : HHH000204: Processing PersistenceUnitInfo [name: default]
2025-12-29T13:04:30.481+01:00  INFO 26688 --- [SpringMS] [restartedMain] org.hibernate.Version                    : HHH000412: Hibernate ORM core version 7.1.8.Final
2025-12-29T13:04:30.942+01:00  INFO 26688 --- [SpringMS] [restartedMain] o.s.o.j.p.SpringPersistenceUnitInfo      : No LoadTimeWeaver setup: ignoring JPA class transformer
2025-12-29T13:04:30.975+01:00  INFO 26688 --- [SpringMS] [restartedMain] com.zaxxer.hikari.HikariDataSource       : HikariPool-1 - Starting...
2025-12-29T13:04:31.141+01:00  INFO 26688 --- [SpringMS] [restartedMain] com.zaxxer.hikari.pool.HikariPool        : HikariPool-1 - Added connection conn0: url=jdbc:h2:mem:SpringMS user=SALAH
2025-12-29T13:04:31.149+01:00  INFO 26688 --- [SpringMS] [restartedMain] com.zaxxer.hikari.HikariDataSource       : HikariPool-1 - Start completed.
2025-12-29T13:04:31.209+01:00  INFO 26688 --- [SpringMS] [restartedMain] org.hibernate.orm.connections.pooling    : HHH10001005: Database info:
	Database JDBC URL [jdbc:h2:mem:SpringMS]
	Database driver: H2 JDBC Driver
	Database dialect: H2Dialect
	Database version: 2.4.240
	Default catalog/schema: SPRINGMS/PUBLIC
	Autocommit mode: undefined/unknown
	Isolation level: READ_COMMITTED [default READ_COMMITTED]
	JDBC fetch size: 100
	Pool: DatasourceConnectionProviderImpl
	Minimum pool size: undefined/unknown
	Maximum pool size: undefined/unknown
2025-12-29T13:04:32.104+01:00  INFO 26688 --- [SpringMS] [restartedMain] o.h.e.t.j.p.i.JtaPlatformInitiator       : HHH000489: No JTA platform available (set 'hibernate.transaction.jta.platform' to enable JTA platform integration)
2025-12-29T13:04:32.163+01:00 DEBUG 26688 --- [SpringMS] [restartedMain] org.hibernate.SQL                        : 
    create table personne (
        id bigint generated by default as identity,
        nom varchar(255) not null,
        prenom varchar(255) not null,
        primary key (id)
    )
2025-12-29T13:04:32.180+01:00  INFO 26688 --- [SpringMS] [restartedMain] j.LocalContainerEntityManagerFactoryBean : Initialized JPA EntityManagerFactory for persistence unit 'default'
2025-12-29T13:04:32.275+01:00  INFO 26688 --- [SpringMS] [restartedMain] o.s.d.j.r.query.QueryEnhancerFactories   : Hibernate is in classpath; If applicable, HQL parser will be used.
2025-12-29T13:04:32.519+01:00  WARN 26688 --- [SpringMS] [restartedMain] JpaBaseConfiguration$JpaWebConfiguration : spring.jpa.open-in-view is enabled by default. Therefore, database queries may be performed during view rendering. Explicitly configure spring.jpa.open-in-view to disable this warning
2025-12-29T13:04:32.958+01:00  INFO 26688 --- [SpringMS] [restartedMain] o.s.b.h.a.H2ConsoleAutoConfiguration     : H2 console available at '/h2-console'. Database available at 'jdbc:h2:mem:SpringMS'
2025-12-29T13:04:33.017+01:00  INFO 26688 --- [SpringMS] [restartedMain] o.s.boot.tomcat.TomcatWebServer          : Tomcat started on port 8081 (http) with context path '/ws'
2025-12-29T13:04:33.024+01:00  INFO 26688 --- [SpringMS] [restartedMain] c.j.SpringMS.SpringMsApplication         : Started SpringMsApplication in 4.748 seconds (process running for 5.598)
2025-12-29T13:04:33.098+01:00 DEBUG 26688 --- [SpringMS] [restartedMain] org.hibernate.SQL                        : 
    insert 
    into
        personne
        (nom, prenom, id) 
    values
        (?, ?, default)
2025-12-29T13:04:33.130+01:00 DEBUG 26688 --- [SpringMS] [restartedMain] org.hibernate.SQL                        : 
    insert 
    into
        personne
        (nom, prenom, id) 
    values
        (?, ?, default)
2025-12-29T13:04:33.133+01:00 DEBUG 26688 --- [SpringMS] [restartedMain] org.hibernate.SQL                        : 
    insert 
    into
        personne
        (nom, prenom, id) 
    values
        (?, ?, default)
2025-12-29T13:07:45.040+01:00  INFO 26688 --- [SpringMS] [SpringApplicationShutdownHook] o.s.boot.tomcat.GracefulShutdown         : Commencing graceful shutdown. Waiting for active requests to complete
2025-12-29T13:07:45.058+01:00  INFO 26688 --- [SpringMS] [tomcat-shutdown] o.s.boot.tomcat.GracefulShutdown         : Graceful shutdown complete
2025-12-29T13:07:45.067+01:00  INFO 26688 --- [SpringMS] [SpringApplicationShutdownHook] j.LocalContainerEntityManagerFactoryBean : Closing JPA EntityManagerFactory for persistence unit 'default'
2025-12-29T13:07:45.078+01:00  WARN 26688 --- [SpringMS] [SpringApplicationShutdownHook] o.s.b.f.support.DisposableBeanAdapter    : Invocation of destroy method failed on bean with name 'inMemoryDatabaseShutdownExecutor': org.h2.jdbc.JdbcSQLNonTransientConnectionException: Database is already closed (to disable automatic closing at VM shutdown, add ";DB_CLOSE_ON_EXIT=FALSE" to the db URL) [90121-240]
2025-12-29T13:07:45.080+01:00  INFO 26688 --- [SpringMS] [SpringApplicationShutdownHook] com.zaxxer.hikari.HikariDataSource       : HikariPool-1 - Shutdown initiated...
2025-12-29T13:07:45.083+01:00  INFO 26688 --- [SpringMS] [SpringApplicationShutdownHook] com.zaxxer.hikari.HikariDataSource       : HikariPool-1 - Shutdown completed.
2025-12-29T13:07:49.098+01:00  INFO 10088 --- [SpringMS] [restartedMain] c.j.SpringMS.SpringMsApplication         : Starting SpringMsApplication using Java 25 with PID 10088 (C:\Users\admin\Desktop\FirstMS\target\classes started by admin in C:\Users\admin\Desktop\FirstMS)
2025-12-29T13:07:49.102+01:00 DEBUG 10088 --- [SpringMS] [restartedMain] c.j.SpringMS.SpringMsApplication         : Running with Spring Boot v4.0.0, Spring v7.0.1
2025-12-29T13:07:49.103+01:00  INFO 10088 --- [SpringMS] [restartedMain] c.j.SpringMS.SpringMsApplication         : No active profile set, falling back to 1 default profile: "default"
2025-12-29T13:07:49.192+01:00  INFO 10088 --- [SpringMS] [restartedMain] .e.DevToolsPropertyDefaultsPostProcessor : Devtools property defaults active! Set 'spring.devtools.add-properties' to 'false' to disable
2025-12-29T13:07:49.192+01:00  INFO 10088 --- [SpringMS] [restartedMain] .e.DevToolsPropertyDefaultsPostProcessor : For additional web related logging consider setting the 'logging.level.web' property to 'DEBUG'
2025-12-29T13:07:50.420+01:00  INFO 10088 --- [SpringMS] [restartedMain] .s.d.r.c.RepositoryConfigurationDelegate : Bootstrapping Spring Data JPA repositories in DEFAULT mode.
2025-12-29T13:07:50.542+01:00  INFO 10088 --- [SpringMS] [restartedMain] .s.d.r.c.RepositoryConfigurationDelegate : Finished Spring Data repository scanning in 105 ms. Found 1 JPA repository interface.
2025-12-29T13:07:51.437+01:00  INFO 10088 --- [SpringMS] [restartedMain] o.s.boot.tomcat.TomcatWebServer          : Tomcat initialized with port 8081 (http)
2025-12-29T13:07:51.456+01:00  INFO 10088 --- [SpringMS] [restartedMain] o.apache.catalina.core.StandardService   : Starting service [Tomcat]
2025-12-29T13:07:51.457+01:00  INFO 10088 --- [SpringMS] [restartedMain] o.apache.catalina.core.StandardEngine    : Starting Servlet engine: [Apache Tomcat/11.0.14]
2025-12-29T13:07:51.527+01:00  INFO 10088 --- [SpringMS] [restartedMain] b.w.c.s.WebApplicationContextInitializer : Root WebApplicationContext: initialization completed in 2335 ms
2025-12-29T13:07:51.763+01:00  INFO 10088 --- [SpringMS] [restartedMain] o.hibernate.jpa.internal.util.LogHelper  : HHH000204: Processing PersistenceUnitInfo [name: default]
2025-12-29T13:07:51.836+01:00  INFO 10088 --- [SpringMS] [restartedMain] org.hibernate.Version                    : HHH000412: Hibernate ORM core version 7.1.8.Final
2025-12-29T13:07:52.591+01:00  INFO 10088 --- [SpringMS] [restartedMain] o.s.o.j.p.SpringPersistenceUnitInfo      : No LoadTimeWeaver setup: ignoring JPA class transformer
2025-12-29T13:07:52.639+01:00  INFO 10088 --- [SpringMS] [restartedMain] com.zaxxer.hikari.HikariDataSource       : HikariPool-1 - Starting...
2025-12-29T13:07:52.956+01:00  INFO 10088 --- [SpringMS] [restartedMain] com.zaxxer.hikari.pool.HikariPool        : HikariPool-1 - Added connection conn0: url=jdbc:h2:mem:SpringMS user=SALAH
2025-12-29T13:07:52.960+01:00  INFO 10088 --- [SpringMS] [restartedMain] com.zaxxer.hikari.HikariDataSource       : HikariPool-1 - Start completed.
2025-12-29T13:07:53.132+01:00  INFO 10088 --- [SpringMS] [restartedMain] org.hibernate.orm.connections.pooling    : HHH10001005: Database info:
	Database JDBC URL [jdbc:h2:mem:SpringMS]
	Database driver: H2 JDBC Driver
	Database dialect: H2Dialect
	Database version: 2.4.240
	Default catalog/schema: SPRINGMS/PUBLIC
	Autocommit mode: undefined/unknown
	Isolation level: READ_COMMITTED [default READ_COMMITTED]
	JDBC fetch size: 100
	Pool: DatasourceConnectionProviderImpl
	Minimum pool size: undefined/unknown
	Maximum pool size: undefined/unknown
2025-12-29T13:07:54.465+01:00  INFO 10088 --- [SpringMS] [restartedMain] o.h.e.t.j.p.i.JtaPlatformInitiator       : HHH000489: No JTA platform available (set 'hibernate.transaction.jta.platform' to enable JTA platform integration)
2025-12-29T13:07:54.523+01:00 DEBUG 10088 --- [SpringMS] [restartedMain] org.hibernate.SQL                        : 
    create table personne (
        id bigint generated by default as identity,
        nom varchar(255) not null,
        prenom varchar(255) not null,
        primary key (id)
    )
2025-12-29T13:07:54.538+01:00  INFO 10088 --- [SpringMS] [restartedMain] j.LocalContainerEntityManagerFactoryBean : Initialized JPA EntityManagerFactory for persistence unit 'default'
2025-12-29T13:07:54.637+01:00  INFO 10088 --- [SpringMS] [restartedMain] o.s.d.j.r.query.QueryEnhancerFactories   : Hibernate is in classpath; If applicable, HQL parser will be used.
2025-12-29T13:07:54.902+01:00  WARN 10088 --- [SpringMS] [restartedMain] JpaBaseConfiguration$JpaWebConfiguration : spring.jpa.open-in-view is enabled by default. Therefore, database queries may be performed during view rendering. Explicitly configure spring.jpa.open-in-view to disable this warning
2025-12-29T13:07:55.339+01:00  INFO 10088 --- [SpringMS] [restartedMain] o.s.b.h.a.H2ConsoleAutoConfiguration     : H2 console available at '/h2-console'. Database available at 'jdbc:h2:mem:SpringMS'
2025-12-29T13:07:55.406+01:00  INFO 10088 --- [SpringMS] [restartedMain] o.s.boot.tomcat.TomcatWebServer          : Tomcat started on port 8081 (http) with context path '/ws'
2025-12-29T13:07:55.414+01:00  INFO 10088 --- [SpringMS] [restartedMain] c.j.SpringMS.SpringMsApplication         : Started SpringMsApplication in 7.189 seconds (process running for 8.565)
2025-12-29T13:07:55.488+01:00 DEBUG 10088 --- [SpringMS] [restartedMain] org.hibernate.SQL                        : 
    insert 
    into
        personne
        (nom, prenom, id) 
    values
        (?, ?, default)
2025-12-29T13:07:55.524+01:00 DEBUG 10088 --- [SpringMS] [restartedMain] org.hibernate.SQL                        : 
    insert 
    into
        personne
        (nom, prenom, id) 
    values
        (?, ?, default)
2025-12-29T13:07:55.526+01:00 DEBUG 10088 --- [SpringMS] [restartedMain] org.hibernate.SQL                        : 
    insert 
    into
        personne
        (nom, prenom, id) 
    values
        (?, ?, default)
2025-12-29T13:09:28.682+01:00  INFO 10088 --- [SpringMS] [http-nio-8081-exec-1] o.a.c.c.C.[Tomcat].[localhost].[/ws]     : Initializing Spring DispatcherServlet 'dispatcherServlet'
2025-12-29T13:09:28.683+01:00  INFO 10088 --- [SpringMS] [http-nio-8081-exec-1] o.s.web.servlet.DispatcherServlet        : Initializing Servlet 'dispatcherServlet'
2025-12-29T13:09:28.685+01:00  INFO 10088 --- [SpringMS] [http-nio-8081-exec-1] o.s.web.servlet.DispatcherServlet        : Completed initialization in 2 ms
2025-12-29T13:09:28.733+01:00  INFO 10088 --- [SpringMS] [http-nio-8081-exec-1] c.j.SpringMS.services.PersonneService    : Récupération de la liste des personnes
2025-12-29T13:09:28.941+01:00 DEBUG 10088 --- [SpringMS] [http-nio-8081-exec-1] org.hibernate.SQL                        : 
    select
        p1_0.id,
        p1_0.nom,
        p1_0.prenom 
    from
        personne p1_0
2025-12-29T13:21:19.785+01:00  INFO 10088 --- [SpringMS] [File Watcher] rtingClassPathChangeChangedEventListener : Restarting due to 1 class path change (0 additions, 1 deletion, 0 modifications)
2025-12-29T13:21:19.794+01:00  INFO 10088 --- [SpringMS] [Thread-1] o.s.boot.tomcat.GracefulShutdown         : Commencing graceful shutdown. Waiting for active requests to complete
2025-12-29T13:21:19.811+01:00  INFO 10088 --- [SpringMS] [tomcat-shutdown] o.s.boot.tomcat.GracefulShutdown         : Graceful shutdown complete
2025-12-29T13:21:19.823+01:00  INFO 10088 --- [SpringMS] [Thread-1] j.LocalContainerEntityManagerFactoryBean : Closing JPA EntityManagerFactory for persistence unit 'default'
2025-12-29T13:21:19.835+01:00  WARN 10088 --- [SpringMS] [Thread-1] o.s.b.f.support.DisposableBeanAdapter    : Invocation of destroy method failed on bean with name 'inMemoryDatabaseShutdownExecutor': org.h2.jdbc.JdbcSQLNonTransientConnectionException: Database is already closed (to disable automatic closing at VM shutdown, add ";DB_CLOSE_ON_EXIT=FALSE" to the db URL) [90121-240]
2025-12-29T13:21:19.836+01:00  INFO 10088 --- [SpringMS] [Thread-1] com.zaxxer.hikari.HikariDataSource       : HikariPool-1 - Shutdown initiated...
2025-12-29T13:21:19.839+01:00  INFO 10088 --- [SpringMS] [Thread-1] com.zaxxer.hikari.HikariDataSource       : HikariPool-1 - Shutdown completed.
2025-12-29T13:21:20.072+01:00  INFO 10088 --- [SpringMS] [restartedMain] c.j.SpringMS.SpringMsApplication         : Starting SpringMsApplication using Java 25 with PID 10088 (C:\Users\admin\Desktop\FirstMS\target\classes started by admin in C:\Users\admin\Desktop\FirstMS)
2025-12-29T13:21:20.073+01:00 DEBUG 10088 --- [SpringMS] [restartedMain] c.j.SpringMS.SpringMsApplication         : Running with Spring Boot v4.0.0, Spring v7.0.1
2025-12-29T13:21:20.074+01:00  INFO 10088 --- [SpringMS] [restartedMain] c.j.SpringMS.SpringMsApplication         : No active profile set, falling back to 1 default profile: "default"
2025-12-29T13:21:20.596+01:00  INFO 10088 --- [SpringMS] [restartedMain] .s.d.r.c.RepositoryConfigurationDelegate : Bootstrapping Spring Data JPA repositories in DEFAULT mode.
2025-12-29T13:21:20.612+01:00  INFO 10088 --- [SpringMS] [restartedMain] .s.d.r.c.RepositoryConfigurationDelegate : Finished Spring Data repository scanning in 12 ms. Found 1 JPA repository interface.
2025-12-29T13:21:20.961+01:00  INFO 10088 --- [SpringMS] [restartedMain] o.s.boot.tomcat.TomcatWebServer          : Tomcat initialized with port 8081 (http)
2025-12-29T13:21:20.968+01:00  INFO 10088 --- [SpringMS] [restartedMain] o.apache.catalina.core.StandardService   : Starting service [Tomcat]
2025-12-29T13:21:20.968+01:00  INFO 10088 --- [SpringMS] [restartedMain] o.apache.catalina.core.StandardEngine    : Starting Servlet engine: [Apache Tomcat/11.0.14]
2025-12-29T13:21:21.044+01:00  INFO 10088 --- [SpringMS] [restartedMain] b.w.c.s.WebApplicationContextInitializer : Root WebApplicationContext: initialization completed in 962 ms
2025-12-29T13:21:21.170+01:00  INFO 10088 --- [SpringMS] [restartedMain] o.hibernate.jpa.internal.util.LogHelper  : HHH000204: Processing PersistenceUnitInfo [name: default]
2025-12-29T13:21:21.240+01:00  INFO 10088 --- [SpringMS] [restartedMain] o.s.o.j.p.SpringPersistenceUnitInfo      : No LoadTimeWeaver setup: ignoring JPA class transformer
2025-12-29T13:21:21.243+01:00  INFO 10088 --- [SpringMS] [restartedMain] com.zaxxer.hikari.HikariDataSource       : HikariPool-2 - Starting...
2025-12-29T13:21:21.247+01:00  INFO 10088 --- [SpringMS] [restartedMain] com.zaxxer.hikari.pool.HikariPool        : HikariPool-2 - Added connection conn10: url=jdbc:h2:mem:SpringMS user=SALAH
2025-12-29T13:21:21.248+01:00  INFO 10088 --- [SpringMS] [restartedMain] com.zaxxer.hikari.HikariDataSource       : HikariPool-2 - Start completed.
2025-12-29T13:21:21.250+01:00  INFO 10088 --- [SpringMS] [restartedMain] org.hibernate.orm.connections.pooling    : HHH10001005: Database info:
	Database JDBC URL [jdbc:h2:mem:SpringMS]
	Database driver: H2 JDBC Driver
	Database dialect: H2Dialect
	Database version: 2.4.240
	Default catalog/schema: SPRINGMS/PUBLIC
	Autocommit mode: undefined/unknown
	Isolation level: READ_COMMITTED [default READ_COMMITTED]
	JDBC fetch size: 100
	Pool: DatasourceConnectionProviderImpl
	Minimum pool size: undefined/unknown
	Maximum pool size: undefined/unknown
2025-12-29T13:21:21.337+01:00  INFO 10088 --- [SpringMS] [restartedMain] o.h.e.t.j.p.i.JtaPlatformInitiator       : HHH000489: No JTA platform available (set 'hibernate.transaction.jta.platform' to enable JTA platform integration)
2025-12-29T13:21:21.342+01:00 DEBUG 10088 --- [SpringMS] [restartedMain] org.hibernate.SQL                        : 
    create table personne (
        id bigint generated by default as identity,
        nom varchar(255) not null,
        prenom varchar(255) not null,
        primary key (id)
    )
2025-12-29T13:21:21.344+01:00  INFO 10088 --- [SpringMS] [restartedMain] j.LocalContainerEntityManagerFactoryBean : Initialized JPA EntityManagerFactory for persistence unit 'default'
2025-12-29T13:21:21.382+01:00  WARN 10088 --- [SpringMS] [restartedMain] ConfigServletWebServerApplicationContext : Exception encountered during context initialization - cancelling refresh attempt: org.springframework.beans.factory.BeanCreationException: Error creating bean with name 'personneController': Resolution of declared constructors on bean Class [com.jobintech.SpringMS.controller.PersonneController] from ClassLoader [org.springframework.boot.devtools.restart.classloader.RestartClassLoader@7d170b00] failed
2025-12-29T13:21:21.383+01:00  INFO 10088 --- [SpringMS] [restartedMain] j.LocalContainerEntityManagerFactoryBean : Closing JPA EntityManagerFactory for persistence unit 'default'
2025-12-29T13:21:21.385+01:00  WARN 10088 --- [SpringMS] [restartedMain] o.s.b.f.support.DisposableBeanAdapter    : Invocation of destroy method failed on bean with name 'inMemoryDatabaseShutdownExecutor': org.h2.jdbc.JdbcSQLNonTransientConnectionException: Database is already closed (to disable automatic closing at VM shutdown, add ";DB_CLOSE_ON_EXIT=FALSE" to the db URL) [90121-240]
2025-12-29T13:21:21.386+01:00  INFO 10088 --- [SpringMS] [restartedMain] com.zaxxer.hikari.HikariDataSource       : HikariPool-2 - Shutdown initiated...
2025-12-29T13:21:21.414+01:00  INFO 10088 --- [SpringMS] [restartedMain] com.zaxxer.hikari.HikariDataSource       : HikariPool-2 - Shutdown completed.
2025-12-29T13:21:21.416+01:00  INFO 10088 --- [SpringMS] [restartedMain] o.apache.catalina.core.StandardService   : Stopping service [Tomcat]
2025-12-29T13:21:21.425+01:00  INFO 10088 --- [SpringMS] [restartedMain] .s.b.a.l.ConditionEvaluationReportLogger : 

Error starting ApplicationContext. To display the condition evaluation report re-run your application with 'debug' enabled.
2025-12-29T13:21:21.471+01:00 ERROR 10088 --- [SpringMS] [restartedMain] o.s.boot.SpringApplication               : Application run failed

org.springframework.beans.factory.BeanCreationException: Error creating bean with name 'personneController': Resolution of declared constructors on bean Class [com.jobintech.SpringMS.controller.PersonneController] from ClassLoader [org.springframework.boot.devtools.restart.classloader.RestartClassLoader@7d170b00] failed
	at org.springframework.beans.factory.annotation.AutowiredAnnotationBeanPostProcessor.determineCandidateConstructors(AutowiredAnnotationBeanPostProcessor.java:367) ~[spring-beans-7.0.1.jar:7.0.1]
	at org.springframework.beans.factory.support.AbstractAutowireCapableBeanFactory.determineConstructorsFromBeanPostProcessors(AbstractAutowireCapableBeanFactory.java:1321) ~[spring-beans-7.0.1.jar:7.0.1]
	at org.springframework.beans.factory.support.AbstractAutowireCapableBeanFactory.createBeanInstance(AbstractAutowireCapableBeanFactory.java:1218) ~[spring-beans-7.0.1.jar:7.0.1]
	at org.springframework.beans.factory.support.AbstractAutowireCapableBeanFactory.doCreateBean(AbstractAutowireCapableBeanFactory.java:565) ~[spring-beans-7.0.1.jar:7.0.1]
	at org.springframework.beans.factory.support.AbstractAutowireCapableBeanFactory.createBean(AbstractAutowireCapableBeanFactory.java:525) ~[spring-beans-7.0.1.jar:7.0.1]
	at org.springframework.beans.factory.support.AbstractBeanFactory.lambda$doGetBean$0(AbstractBeanFactory.java:333) ~[spring-beans-7.0.1.jar:7.0.1]
	at org.springframework.beans.factory.support.DefaultSingletonBeanRegistry.getSingleton(DefaultSingletonBeanRegistry.java:371) ~[spring-beans-7.0.1.jar:7.0.1]
	at org.springframework.beans.factory.support.AbstractBeanFactory.doGetBean(AbstractBeanFactory.java:331) ~[spring-beans-7.0.1.jar:7.0.1]
	at org.springframework.beans.factory.support.AbstractBeanFactory.getBean(AbstractBeanFactory.java:196) ~[spring-beans-7.0.1.jar:7.0.1]
	at org.springframework.beans.factory.support.DefaultListableBeanFactory.instantiateSingleton(DefaultListableBeanFactory.java:1218) ~[spring-beans-7.0.1.jar:7.0.1]
	at org.springframework.beans.factory.support.DefaultListableBeanFactory.preInstantiateSingleton(DefaultListableBeanFactory.java:1184) ~[spring-beans-7.0.1.jar:7.0.1]
	at org.springframework.beans.factory.support.DefaultListableBeanFactory.preInstantiateSingletons(DefaultListableBeanFactory.java:1121) ~[spring-beans-7.0.1.jar:7.0.1]
	at org.springframework.context.support.AbstractApplicationContext.finishBeanFactoryInitialization(AbstractApplicationContext.java:983) ~[spring-context-7.0.1.jar:7.0.1]
	at org.springframework.context.support.AbstractApplicationContext.refresh(AbstractApplicationContext.java:620) ~[spring-context-7.0.1.jar:7.0.1]
	at org.springframework.boot.web.server.servlet.context.ServletWebServerApplicationContext.refresh(ServletWebServerApplicationContext.java:143) ~[spring-boot-web-server-4.0.0.jar:4.0.0]
	at org.springframework.boot.SpringApplication.refresh(SpringApplication.java:765) ~[spring-boot-4.0.0.jar:4.0.0]
	at org.springframework.boot.SpringApplication.refreshContext(SpringApplication.java:454) ~[spring-boot-4.0.0.jar:4.0.0]
	at org.springframework.boot.SpringApplication.run(SpringApplication.java:321) ~[spring-boot-4.0.0.jar:4.0.0]
	at org.springframework.boot.SpringApplication.run(SpringApplication.java:1374) ~[spring-boot-4.0.0.jar:4.0.0]
	at org.springframework.boot.SpringApplication.run(SpringApplication.java:1363) ~[spring-boot-4.0.0.jar:4.0.0]
	at com.jobintech.SpringMS.SpringMsApplication.main(SpringMsApplication.java:14) ~[classes/:na]
	at java.base/jdk.internal.reflect.DirectMethodHandleAccessor.invoke(DirectMethodHandleAccessor.java:104) ~[na:na]
	at java.base/java.lang.reflect.Method.invoke(Method.java:565) ~[na:na]
	at org.springframework.boot.devtools.restart.RestartLauncher.run(RestartLauncher.java:52) ~[spring-boot-devtools-4.0.0.jar:4.0.0]
Caused by: java.lang.NoClassDefFoundError: com/jobintech/SpringMS/services/PersonneService
	at java.base/java.lang.Class.getDeclaredConstructors0(Native Method) ~[na:na]
	at java.base/java.lang.Class.privateGetDeclaredConstructors(Class.java:2985) ~[na:na]
	at java.base/java.lang.Class.getDeclaredConstructors(Class.java:2354) ~[na:na]
	at org.springframework.beans.factory.annotation.AutowiredAnnotationBeanPostProcessor.determineCandidateConstructors(AutowiredAnnotationBeanPostProcessor.java:362) ~[spring-beans-7.0.1.jar:7.0.1]
	... 23 common frames omitted
Caused by: java.lang.ClassNotFoundException: com.jobintech.SpringMS.services.PersonneService
	at java.base/jdk.internal.loader.BuiltinClassLoader.loadClass(BuiltinClassLoader.java:580) ~[na:na]
	at java.base/java.lang.ClassLoader.loadClass(ClassLoader.java:490) ~[na:na]
	at java.base/java.lang.Class.forName0(Native Method) ~[na:na]
	at java.base/java.lang.Class.forName(Class.java:547) ~[na:na]
	at org.springframework.boot.devtools.restart.classloader.RestartClassLoader.loadClass(RestartClassLoader.java:123) ~[spring-boot-devtools-4.0.0.jar:4.0.0]
	at java.base/java.lang.ClassLoader.loadClass(ClassLoader.java:490) ~[na:na]
	... 27 common frames omitted

2025-12-29T13:21:22.949+01:00  INFO 10088 --- [SpringMS] [restartedMain] c.j.SpringMS.SpringMsApplication         : Starting SpringMsApplication using Java 25 with PID 10088 (C:\Users\admin\Desktop\FirstMS\target\classes started by admin in C:\Users\admin\Desktop\FirstMS)
2025-12-29T13:21:22.949+01:00 DEBUG 10088 --- [SpringMS] [restartedMain] c.j.SpringMS.SpringMsApplication         : Running with Spring Boot v4.0.0, Spring v7.0.1
2025-12-29T13:21:22.949+01:00  INFO 10088 --- [SpringMS] [restartedMain] c.j.SpringMS.SpringMsApplication         : No active profile set, falling back to 1 default profile: "default"
2025-12-29T13:21:23.406+01:00  INFO 10088 --- [SpringMS] [restartedMain] .s.d.r.c.RepositoryConfigurationDelegate : Bootstrapping Spring Data JPA repositories in DEFAULT mode.
2025-12-29T13:21:23.425+01:00  INFO 10088 --- [SpringMS] [restartedMain] .s.d.r.c.RepositoryConfigurationDelegate : Finished Spring Data repository scanning in 15 ms. Found 1 JPA repository interface.
2025-12-29T13:21:23.603+01:00  INFO 10088 --- [SpringMS] [restartedMain] o.s.boot.tomcat.TomcatWebServer          : Tomcat initialized with port 8081 (http)
2025-12-29T13:21:23.604+01:00  INFO 10088 --- [SpringMS] [restartedMain] o.apache.catalina.core.StandardService   : Starting service [Tomcat]
2025-12-29T13:21:23.604+01:00  INFO 10088 --- [SpringMS] [restartedMain] o.apache.catalina.core.StandardEngine    : Starting Servlet engine: [Apache Tomcat/11.0.14]
2025-12-29T13:21:23.642+01:00  INFO 10088 --- [SpringMS] [restartedMain] b.w.c.s.WebApplicationContextInitializer : Root WebApplicationContext: initialization completed in 688 ms
2025-12-29T13:21:23.712+01:00  INFO 10088 --- [SpringMS] [restartedMain] o.hibernate.jpa.internal.util.LogHelper  : HHH000204: Processing PersistenceUnitInfo [name: default]
2025-12-29T13:21:23.756+01:00  INFO 10088 --- [SpringMS] [restartedMain] o.s.o.j.p.SpringPersistenceUnitInfo      : No LoadTimeWeaver setup: ignoring JPA class transformer
2025-12-29T13:21:23.757+01:00  INFO 10088 --- [SpringMS] [restartedMain] com.zaxxer.hikari.HikariDataSource       : HikariPool-3 - Starting...
2025-12-29T13:21:23.762+01:00  INFO 10088 --- [SpringMS] [restartedMain] com.zaxxer.hikari.pool.HikariPool        : HikariPool-3 - Added connection conn13: url=jdbc:h2:mem:SpringMS user=SALAH
2025-12-29T13:21:23.793+01:00  INFO 10088 --- [SpringMS] [restartedMain] com.zaxxer.hikari.HikariDataSource       : HikariPool-3 - Start completed.
2025-12-29T13:21:23.797+01:00  INFO 10088 --- [SpringMS] [restartedMain] org.hibernate.orm.connections.pooling    : HHH10001005: Database info:
	Database JDBC URL [jdbc:h2:mem:SpringMS]
	Database driver: H2 JDBC Driver
	Database dialect: H2Dialect
	Database version: 2.4.240
	Default catalog/schema: SPRINGMS/PUBLIC
	Autocommit mode: undefined/unknown
	Isolation level: READ_COMMITTED [default READ_COMMITTED]
	JDBC fetch size: 100
	Pool: DatasourceConnectionProviderImpl
	Minimum pool size: undefined/unknown
	Maximum pool size: undefined/unknown
2025-12-29T13:21:23.919+01:00  INFO 10088 --- [SpringMS] [restartedMain] o.h.e.t.j.p.i.JtaPlatformInitiator       : HHH000489: No JTA platform available (set 'hibernate.transaction.jta.platform' to enable JTA platform integration)
2025-12-29T13:21:23.924+01:00 DEBUG 10088 --- [SpringMS] [restartedMain] org.hibernate.SQL                        : 
    create table personne (
        id bigint generated by default as identity,
        nom varchar(255) not null,
        prenom varchar(255) not null,
        primary key (id)
    )
2025-12-29T13:21:23.926+01:00  INFO 10088 --- [SpringMS] [restartedMain] j.LocalContainerEntityManagerFactoryBean : Initialized JPA EntityManagerFactory for persistence unit 'default'
2025-12-29T13:21:24.098+01:00  WARN 10088 --- [SpringMS] [restartedMain] JpaBaseConfiguration$JpaWebConfiguration : spring.jpa.open-in-view is enabled by default. Therefore, database queries may be performed during view rendering. Explicitly configure spring.jpa.open-in-view to disable this warning
2025-12-29T13:21:24.361+01:00  INFO 10088 --- [SpringMS] [restartedMain] o.s.b.h.a.H2ConsoleAutoConfiguration     : H2 console available at '/h2-console'. Database available at 'jdbc:h2:mem:SpringMS'
2025-12-29T13:21:24.391+01:00  INFO 10088 --- [SpringMS] [restartedMain] o.s.boot.tomcat.TomcatWebServer          : Tomcat started on port 8081 (http) with context path '/ws'
2025-12-29T13:21:24.394+01:00  INFO 10088 --- [SpringMS] [restartedMain] c.j.SpringMS.SpringMsApplication         : Started SpringMsApplication in 1.487 seconds (process running for 817.545)
2025-12-29T13:21:24.398+01:00 DEBUG 10088 --- [SpringMS] [restartedMain] org.hibernate.SQL                        : 
    insert 
    into
        personne
        (nom, prenom, id) 
    values
        (?, ?, default)
2025-12-29T13:21:24.402+01:00 DEBUG 10088 --- [SpringMS] [restartedMain] org.hibernate.SQL                        : 
    insert 
    into
        personne
        (nom, prenom, id) 
    values
        (?, ?, default)
2025-12-29T13:21:24.405+01:00 DEBUG 10088 --- [SpringMS] [restartedMain] org.hibernate.SQL                        : 
    insert 
    into
        personne
        (nom, prenom, id) 
    values
        (?, ?, default)
2025-12-29T13:21:24.408+01:00  INFO 10088 --- [SpringMS] [restartedMain] .ConditionEvaluationDeltaLoggingListener : Condition evaluation unchanged
2025-12-29T13:21:40.393+01:00  INFO 10088 --- [SpringMS] [http-nio-8081-exec-2] o.a.c.c.C.[Tomcat-1].[localhost].[/ws]   : Initializing Spring DispatcherServlet 'dispatcherServlet'
2025-12-29T13:21:40.394+01:00  INFO 10088 --- [SpringMS] [http-nio-8081-exec-2] o.s.web.servlet.DispatcherServlet        : Initializing Servlet 'dispatcherServlet'
2025-12-29T13:21:40.398+01:00  INFO 10088 --- [SpringMS] [http-nio-8081-exec-2] o.s.web.servlet.DispatcherServlet        : Completed initialization in 4 ms
2025-12-29T13:21:40.510+01:00  INFO 10088 --- [SpringMS] [http-nio-8081-exec-2] c.j.SpringMS.services.PersonneService    : Création d'une nouvelle personne: dkali l3rbi
2025-12-29T13:21:40.512+01:00 DEBUG 10088 --- [SpringMS] [http-nio-8081-exec-2] org.hibernate.SQL                        : 
    insert 
    into
        personne
        (nom, prenom, id) 
    values
        (?, ?, default)
2025-12-29T13:35:20.905+01:00  WARN 10088 --- [SpringMS] [HikariPool-3:housekeeper] com.zaxxer.hikari.pool.HikariPool        : HikariPool-3 - Thread starvation or clock leap detected (housekeeper delta=5m26s996ms76µs100ns).
2025-12-29T13:38:10.740+01:00  INFO 10088 --- [SpringMS] [SpringApplicationShutdownHook] o.s.boot.tomcat.GracefulShutdown         : Commencing graceful shutdown. Waiting for active requests to complete
2025-12-29T13:38:10.752+01:00  INFO 10088 --- [SpringMS] [tomcat-shutdown] o.s.boot.tomcat.GracefulShutdown         : Graceful shutdown complete
2025-12-29T13:38:10.761+01:00  INFO 10088 --- [SpringMS] [SpringApplicationShutdownHook] j.LocalContainerEntityManagerFactoryBean : Closing JPA EntityManagerFactory for persistence unit 'default'
2025-12-29T13:38:10.764+01:00  WARN 10088 --- [SpringMS] [SpringApplicationShutdownHook] o.s.b.f.support.DisposableBeanAdapter    : Invocation of destroy method failed on bean with name 'inMemoryDatabaseShutdownExecutor': org.h2.jdbc.JdbcSQLNonTransientConnectionException: Database is already closed (to disable automatic closing at VM shutdown, add ";DB_CLOSE_ON_EXIT=FALSE" to the db URL) [90121-240]
2025-12-29T13:38:10.765+01:00  INFO 10088 --- [SpringMS] [SpringApplicationShutdownHook] com.zaxxer.hikari.HikariDataSource       : HikariPool-3 - Shutdown initiated...
2025-12-29T13:38:10.767+01:00  INFO 10088 --- [SpringMS] [SpringApplicationShutdownHook] com.zaxxer.hikari.HikariDataSource       : HikariPool-3 - Shutdown completed.
