2025-12-29T12:27:56.856+01:00  INFO 10264 --- [SpringMS] [restartedMain] c.j.SpringMS.SpringMsApplication         : Starting SpringMsApplication using Java 25 with PID 10264 (C:\Users\admin\Desktop\FirstMS\target\classes started by admin in C:\Users\admin\Desktop\FirstMS)
2025-12-29T12:27:56.858+01:00 DEBUG 10264 --- [SpringMS] [restartedMain] c.j.SpringMS.SpringMsApplication         : Running with Spring Boot v4.0.0, Spring v7.0.1
2025-12-29T12:27:56.859+01:00  INFO 10264 --- [SpringMS] [restartedMain] c.j.SpringMS.SpringMsApplication         : No active profile set, falling back to 1 default profile: "default"
2025-12-29T12:27:56.918+01:00  INFO 10264 --- [SpringMS] [restartedMain] .e.DevToolsPropertyDefaultsPostProcessor : Devtools property defaults active! Set 'spring.devtools.add-properties' to 'false' to disable
2025-12-29T12:27:56.918+01:00  INFO 10264 --- [SpringMS] [restartedMain] .e.DevToolsPropertyDefaultsPostProcessor : For additional web related logging consider setting the 'logging.level.web' property to 'DEBUG'
2025-12-29T12:27:58.034+01:00  INFO 10264 --- [SpringMS] [restartedMain] .s.d.r.c.RepositoryConfigurationDelegate : Bootstrapping Spring Data JPA repositories in DEFAULT mode.
2025-12-29T12:27:58.097+01:00  INFO 10264 --- [SpringMS] [restartedMain] .s.d.r.c.RepositoryConfigurationDelegate : Finished Spring Data repository scanning in 51 ms. Found 1 JPA repository interface.
2025-12-29T12:27:58.637+01:00  INFO 10264 --- [SpringMS] [restartedMain] o.s.boot.tomcat.TomcatWebServer          : Tomcat initialized with port 8081 (http)
2025-12-29T12:27:58.650+01:00  INFO 10264 --- [SpringMS] [restartedMain] o.apache.catalina.core.StandardService   : Starting service [Tomcat]
2025-12-29T12:27:58.651+01:00  INFO 10264 --- [SpringMS] [restartedMain] o.apache.catalina.core.StandardEngine    : Starting Servlet engine: [Apache Tomcat/11.0.14]
2025-12-29T12:27:58.697+01:00  INFO 10264 --- [SpringMS] [restartedMain] b.w.c.s.WebApplicationContextInitializer : Root WebApplicationContext: initialization completed in 1779 ms
2025-12-29T12:27:58.839+01:00  INFO 10264 --- [SpringMS] [restartedMain] com.zaxxer.hikari.HikariDataSource       : HikariPool-1 - Starting...
2025-12-29T12:27:59.053+01:00  INFO 10264 --- [SpringMS] [restartedMain] com.zaxxer.hikari.pool.HikariPool        : HikariPool-1 - Added connection conn0: url=jdbc:h2:mem:SpringMS user=SALAH
2025-12-29T12:27:59.056+01:00  INFO 10264 --- [SpringMS] [restartedMain] com.zaxxer.hikari.HikariDataSource       : HikariPool-1 - Start completed.
2025-12-29T12:27:59.098+01:00  INFO 10264 --- [SpringMS] [restartedMain] o.hibernate.jpa.internal.util.LogHelper  : HHH000204: Processing PersistenceUnitInfo [name: default]
2025-12-29T12:27:59.154+01:00  INFO 10264 --- [SpringMS] [restartedMain] org.hibernate.Version                    : HHH000412: Hibernate ORM core version 7.1.8.Final
2025-12-29T12:27:59.904+01:00  INFO 10264 --- [SpringMS] [restartedMain] o.s.o.j.p.SpringPersistenceUnitInfo      : No LoadTimeWeaver setup: ignoring JPA class transformer
2025-12-29T12:28:00.034+01:00  INFO 10264 --- [SpringMS] [restartedMain] org.hibernate.orm.connections.pooling    : HHH10001005: Database info:
	Database JDBC URL [jdbc:h2:mem:SpringMS]
	Database driver: H2 JDBC Driver
	Database dialect: H2Dialect
	Database version: 2.4.240
	Default catalog/schema: SPRINGMS/PUBLIC
	Autocommit mode: undefined/unknown
	Isolation level: READ_COMMITTED [default READ_COMMITTED]
	JDBC fetch size: 100
	Pool: DatasourceConnectionProviderImpl
	Minimum pool size: undefined/unknown
	Maximum pool size: undefined/unknown
2025-12-29T12:28:01.054+01:00  INFO 10264 --- [SpringMS] [restartedMain] o.h.e.t.j.p.i.JtaPlatformInitiator       : HHH000489: No JTA platform available (set 'hibernate.transaction.jta.platform' to enable JTA platform integration)
2025-12-29T12:28:01.077+01:00 DEBUG 10264 --- [SpringMS] [restartedMain] org.hibernate.SQL                        : 
    drop table if exists personne cascade 
2025-12-29T12:28:01.083+01:00 DEBUG 10264 --- [SpringMS] [restartedMain] org.hibernate.SQL                        : 
    create table personne (
        id bigint generated by default as identity,
        nom varchar(255) not null,
        prenom varchar(255) not null,
        primary key (id)
    )
2025-12-29T12:28:01.100+01:00  INFO 10264 --- [SpringMS] [restartedMain] j.LocalContainerEntityManagerFactoryBean : Initialized JPA EntityManagerFactory for persistence unit 'default'
2025-12-29T12:28:01.192+01:00  INFO 10264 --- [SpringMS] [restartedMain] o.s.d.j.r.query.QueryEnhancerFactories   : Hibernate is in classpath; If applicable, HQL parser will be used.
2025-12-29T12:28:01.429+01:00  WARN 10264 --- [SpringMS] [restartedMain] JpaBaseConfiguration$JpaWebConfiguration : spring.jpa.open-in-view is enabled by default. Therefore, database queries may be performed during view rendering. Explicitly configure spring.jpa.open-in-view to disable this warning
2025-12-29T12:28:01.856+01:00  INFO 10264 --- [SpringMS] [restartedMain] o.s.b.h.a.H2ConsoleAutoConfiguration     : H2 console available at '/h2-console'. Database available at 'jdbc:h2:mem:SpringMS'
2025-12-29T12:28:01.916+01:00  INFO 10264 --- [SpringMS] [restartedMain] o.s.boot.tomcat.TomcatWebServer          : Tomcat started on port 8081 (http) with context path '/ws'
2025-12-29T12:28:01.922+01:00  INFO 10264 --- [SpringMS] [restartedMain] c.j.SpringMS.SpringMsApplication         : Started SpringMsApplication in 5.667 seconds (process running for 6.628)
2025-12-29T12:28:01.995+01:00 DEBUG 10264 --- [SpringMS] [restartedMain] org.hibernate.SQL                        : 
    insert 
    into
        personne
        (nom, prenom, id) 
    values
        (?, ?, default)
2025-12-29T12:28:02.049+01:00 DEBUG 10264 --- [SpringMS] [restartedMain] org.hibernate.SQL                        : 
    insert 
    into
        personne
        (nom, prenom, id) 
    values
        (?, ?, default)
2025-12-29T12:28:02.050+01:00 DEBUG 10264 --- [SpringMS] [restartedMain] org.hibernate.SQL                        : 
    insert 
    into
        personne
        (nom, prenom, id) 
    values
        (?, ?, default)
2025-12-29T12:28:02.051+01:00 DEBUG 10264 --- [SpringMS] [restartedMain] org.hibernate.SQL                        : 
    insert 
    into
        personne
        (nom, prenom, id) 
    values
        (?, ?, default)
2025-12-29T12:33:19.749+01:00  INFO 10264 --- [SpringMS] [File Watcher] rtingClassPathChangeChangedEventListener : Restarting due to 2 class path changes (0 additions, 1 deletion, 1 modification)
2025-12-29T12:33:19.761+01:00  INFO 10264 --- [SpringMS] [Thread-1] o.s.boot.tomcat.GracefulShutdown         : Commencing graceful shutdown. Waiting for active requests to complete
2025-12-29T12:33:19.773+01:00  INFO 10264 --- [SpringMS] [tomcat-shutdown] o.s.boot.tomcat.GracefulShutdown         : Graceful shutdown complete
2025-12-29T12:33:19.783+01:00  INFO 10264 --- [SpringMS] [Thread-1] j.LocalContainerEntityManagerFactoryBean : Closing JPA EntityManagerFactory for persistence unit 'default'
2025-12-29T12:33:19.785+01:00 DEBUG 10264 --- [SpringMS] [Thread-1] org.hibernate.SQL                        : 
    drop table if exists personne cascade 
2025-12-29T12:33:19.801+01:00  WARN 10264 --- [SpringMS] [Thread-1] o.s.b.f.support.DisposableBeanAdapter    : Invocation of destroy method failed on bean with name 'inMemoryDatabaseShutdownExecutor': org.h2.jdbc.JdbcSQLNonTransientConnectionException: Database is already closed (to disable automatic closing at VM shutdown, add ";DB_CLOSE_ON_EXIT=FALSE" to the db URL) [90121-240]
2025-12-29T12:33:19.802+01:00  INFO 10264 --- [SpringMS] [Thread-1] com.zaxxer.hikari.HikariDataSource       : HikariPool-1 - Shutdown initiated...
2025-12-29T12:33:19.805+01:00  INFO 10264 --- [SpringMS] [Thread-1] com.zaxxer.hikari.HikariDataSource       : HikariPool-1 - Shutdown completed.
2025-12-29T12:33:19.951+01:00  INFO 10264 --- [SpringMS] [restartedMain] c.j.SpringMS.SpringMsApplication         : Starting SpringMsApplication using Java 25 with PID 10264 (C:\Users\admin\Desktop\FirstMS\target\classes started by admin in C:\Users\admin\Desktop\FirstMS)
2025-12-29T12:33:19.952+01:00 DEBUG 10264 --- [SpringMS] [restartedMain] c.j.SpringMS.SpringMsApplication         : Running with Spring Boot v4.0.0, Spring v7.0.1
2025-12-29T12:33:19.952+01:00  INFO 10264 --- [SpringMS] [restartedMain] c.j.SpringMS.SpringMsApplication         : No active profile set, falling back to 1 default profile: "default"
2025-12-29T12:33:20.311+01:00  INFO 10264 --- [SpringMS] [restartedMain] .s.d.r.c.RepositoryConfigurationDelegate : Bootstrapping Spring Data JPA repositories in DEFAULT mode.
2025-12-29T12:33:20.323+01:00  INFO 10264 --- [SpringMS] [restartedMain] .s.d.r.c.RepositoryConfigurationDelegate : Finished Spring Data repository scanning in 9 ms. Found 1 JPA repository interface.
2025-12-29T12:33:20.515+01:00  INFO 10264 --- [SpringMS] [restartedMain] o.s.boot.tomcat.TomcatWebServer          : Tomcat initialized with port 8081 (http)
2025-12-29T12:33:20.517+01:00  INFO 10264 --- [SpringMS] [restartedMain] o.apache.catalina.core.StandardService   : Starting service [Tomcat]
2025-12-29T12:33:20.518+01:00  INFO 10264 --- [SpringMS] [restartedMain] o.apache.catalina.core.StandardEngine    : Starting Servlet engine: [Apache Tomcat/11.0.14]
2025-12-29T12:33:20.582+01:00  INFO 10264 --- [SpringMS] [restartedMain] b.w.c.s.WebApplicationContextInitializer : Root WebApplicationContext: initialization completed in 626 ms
2025-12-29T12:33:20.669+01:00  INFO 10264 --- [SpringMS] [restartedMain] com.zaxxer.hikari.HikariDataSource       : HikariPool-2 - Starting...
2025-12-29T12:33:20.672+01:00  INFO 10264 --- [SpringMS] [restartedMain] com.zaxxer.hikari.pool.HikariPool        : HikariPool-2 - Added connection conn10: url=jdbc:h2:mem:SpringMS user=SALAH
2025-12-29T12:33:20.673+01:00  INFO 10264 --- [SpringMS] [restartedMain] com.zaxxer.hikari.HikariDataSource       : HikariPool-2 - Start completed.
2025-12-29T12:33:20.675+01:00  INFO 10264 --- [SpringMS] [restartedMain] o.hibernate.jpa.internal.util.LogHelper  : HHH000204: Processing PersistenceUnitInfo [name: default]
2025-12-29T12:33:20.711+01:00  INFO 10264 --- [SpringMS] [restartedMain] o.s.o.j.p.SpringPersistenceUnitInfo      : No LoadTimeWeaver setup: ignoring JPA class transformer
2025-12-29T12:33:20.714+01:00  INFO 10264 --- [SpringMS] [restartedMain] org.hibernate.orm.connections.pooling    : HHH10001005: Database info:
	Database JDBC URL [jdbc:h2:mem:SpringMS]
	Database driver: H2 JDBC Driver
	Database dialect: H2Dialect
	Database version: 2.4.240
	Default catalog/schema: SPRINGMS/PUBLIC
	Autocommit mode: undefined/unknown
	Isolation level: READ_COMMITTED [default READ_COMMITTED]
	JDBC fetch size: 100
	Pool: DatasourceConnectionProviderImpl
	Minimum pool size: undefined/unknown
	Maximum pool size: undefined/unknown
2025-12-29T12:33:20.772+01:00  INFO 10264 --- [SpringMS] [restartedMain] o.h.e.t.j.p.i.JtaPlatformInitiator       : HHH000489: No JTA platform available (set 'hibernate.transaction.jta.platform' to enable JTA platform integration)
2025-12-29T12:33:20.774+01:00 DEBUG 10264 --- [SpringMS] [restartedMain] org.hibernate.SQL                        : 
    drop table if exists personne cascade 
2025-12-29T12:33:20.775+01:00 DEBUG 10264 --- [SpringMS] [restartedMain] org.hibernate.SQL                        : 
    create table personne (
        id bigint generated by default as identity,
        nom varchar(255) not null,
        prenom varchar(255) not null,
        primary key (id)
    )
2025-12-29T12:33:20.778+01:00  INFO 10264 --- [SpringMS] [restartedMain] j.LocalContainerEntityManagerFactoryBean : Initialized JPA EntityManagerFactory for persistence unit 'default'
2025-12-29T12:33:20.798+01:00  WARN 10264 --- [SpringMS] [restartedMain] ConfigServletWebServerApplicationContext : Exception encountered during context initialization - cancelling refresh attempt: org.springframework.beans.factory.BeanCreationException: Error creating bean with name 'personneController': Resolution of declared constructors on bean Class [com.jobintech.SpringMS.controller.PersonneController] from ClassLoader [org.springframework.boot.devtools.restart.classloader.RestartClassLoader@789f09cf] failed
2025-12-29T12:33:20.798+01:00  INFO 10264 --- [SpringMS] [restartedMain] j.LocalContainerEntityManagerFactoryBean : Closing JPA EntityManagerFactory for persistence unit 'default'
2025-12-29T12:33:20.799+01:00 DEBUG 10264 --- [SpringMS] [restartedMain] org.hibernate.SQL                        : 
    drop table if exists personne cascade 
2025-12-29T12:33:20.801+01:00  WARN 10264 --- [SpringMS] [restartedMain] o.s.b.f.support.DisposableBeanAdapter    : Invocation of destroy method failed on bean with name 'inMemoryDatabaseShutdownExecutor': org.h2.jdbc.JdbcSQLNonTransientConnectionException: Database is already closed (to disable automatic closing at VM shutdown, add ";DB_CLOSE_ON_EXIT=FALSE" to the db URL) [90121-240]
2025-12-29T12:33:20.802+01:00  INFO 10264 --- [SpringMS] [restartedMain] com.zaxxer.hikari.HikariDataSource       : HikariPool-2 - Shutdown initiated...
2025-12-29T12:33:20.806+01:00  INFO 10264 --- [SpringMS] [restartedMain] com.zaxxer.hikari.HikariDataSource       : HikariPool-2 - Shutdown completed.
2025-12-29T12:33:20.808+01:00  INFO 10264 --- [SpringMS] [restartedMain] o.apache.catalina.core.StandardService   : Stopping service [Tomcat]
2025-12-29T12:33:20.814+01:00  INFO 10264 --- [SpringMS] [restartedMain] .s.b.a.l.ConditionEvaluationReportLogger : 

Error starting ApplicationContext. To display the condition evaluation report re-run your application with 'debug' enabled.
2025-12-29T12:33:20.838+01:00 ERROR 10264 --- [SpringMS] [restartedMain] o.s.boot.SpringApplication               : Application run failed

org.springframework.beans.factory.BeanCreationException: Error creating bean with name 'personneController': Resolution of declared constructors on bean Class [com.jobintech.SpringMS.controller.PersonneController] from ClassLoader [org.springframework.boot.devtools.restart.classloader.RestartClassLoader@789f09cf] failed
	at org.springframework.beans.factory.annotation.AutowiredAnnotationBeanPostProcessor.determineCandidateConstructors(AutowiredAnnotationBeanPostProcessor.java:367) ~[spring-beans-7.0.1.jar:7.0.1]
	at org.springframework.beans.factory.support.AbstractAutowireCapableBeanFactory.determineConstructorsFromBeanPostProcessors(AbstractAutowireCapableBeanFactory.java:1321) ~[spring-beans-7.0.1.jar:7.0.1]
	at org.springframework.beans.factory.support.AbstractAutowireCapableBeanFactory.createBeanInstance(AbstractAutowireCapableBeanFactory.java:1218) ~[spring-beans-7.0.1.jar:7.0.1]
	at org.springframework.beans.factory.support.AbstractAutowireCapableBeanFactory.doCreateBean(AbstractAutowireCapableBeanFactory.java:565) ~[spring-beans-7.0.1.jar:7.0.1]
	at org.springframework.beans.factory.support.AbstractAutowireCapableBeanFactory.createBean(AbstractAutowireCapableBeanFactory.java:525) ~[spring-beans-7.0.1.jar:7.0.1]
	at org.springframework.beans.factory.support.AbstractBeanFactory.lambda$doGetBean$0(AbstractBeanFactory.java:333) ~[spring-beans-7.0.1.jar:7.0.1]
	at org.springframework.beans.factory.support.DefaultSingletonBeanRegistry.getSingleton(DefaultSingletonBeanRegistry.java:371) ~[spring-beans-7.0.1.jar:7.0.1]
	at org.springframework.beans.factory.support.AbstractBeanFactory.doGetBean(AbstractBeanFactory.java:331) ~[spring-beans-7.0.1.jar:7.0.1]
	at org.springframework.beans.factory.support.AbstractBeanFactory.getBean(AbstractBeanFactory.java:196) ~[spring-beans-7.0.1.jar:7.0.1]
	at org.springframework.beans.factory.support.DefaultListableBeanFactory.instantiateSingleton(DefaultListableBeanFactory.java:1218) ~[spring-beans-7.0.1.jar:7.0.1]
	at org.springframework.beans.factory.support.DefaultListableBeanFactory.preInstantiateSingleton(DefaultListableBeanFactory.java:1184) ~[spring-beans-7.0.1.jar:7.0.1]
	at org.springframework.beans.factory.support.DefaultListableBeanFactory.preInstantiateSingletons(DefaultListableBeanFactory.java:1121) ~[spring-beans-7.0.1.jar:7.0.1]
	at org.springframework.context.support.AbstractApplicationContext.finishBeanFactoryInitialization(AbstractApplicationContext.java:983) ~[spring-context-7.0.1.jar:7.0.1]
	at org.springframework.context.support.AbstractApplicationContext.refresh(AbstractApplicationContext.java:620) ~[spring-context-7.0.1.jar:7.0.1]
	at org.springframework.boot.web.server.servlet.context.ServletWebServerApplicationContext.refresh(ServletWebServerApplicationContext.java:143) ~[spring-boot-web-server-4.0.0.jar:4.0.0]
	at org.springframework.boot.SpringApplication.refresh(SpringApplication.java:765) ~[spring-boot-4.0.0.jar:4.0.0]
	at org.springframework.boot.SpringApplication.refreshContext(SpringApplication.java:454) ~[spring-boot-4.0.0.jar:4.0.0]
	at org.springframework.boot.SpringApplication.run(SpringApplication.java:321) ~[spring-boot-4.0.0.jar:4.0.0]
	at org.springframework.boot.SpringApplication.run(SpringApplication.java:1374) ~[spring-boot-4.0.0.jar:4.0.0]
	at org.springframework.boot.SpringApplication.run(SpringApplication.java:1363) ~[spring-boot-4.0.0.jar:4.0.0]
	at com.jobintech.SpringMS.SpringMsApplication.main(SpringMsApplication.java:13) ~[classes/:na]
	at java.base/jdk.internal.reflect.DirectMethodHandleAccessor.invoke(DirectMethodHandleAccessor.java:104) ~[na:na]
	at java.base/java.lang.reflect.Method.invoke(Method.java:565) ~[na:na]
	at org.springframework.boot.devtools.restart.RestartLauncher.run(RestartLauncher.java:52) ~[spring-boot-devtools-4.0.0.jar:4.0.0]
Caused by: java.lang.NoClassDefFoundError: com/jobintech/SpringMS/services/PersonneService
	at java.base/java.lang.Class.getDeclaredConstructors0(Native Method) ~[na:na]
	at java.base/java.lang.Class.privateGetDeclaredConstructors(Class.java:2985) ~[na:na]
	at java.base/java.lang.Class.getDeclaredConstructors(Class.java:2354) ~[na:na]
	at org.springframework.beans.factory.annotation.AutowiredAnnotationBeanPostProcessor.determineCandidateConstructors(AutowiredAnnotationBeanPostProcessor.java:362) ~[spring-beans-7.0.1.jar:7.0.1]
	... 23 common frames omitted
Caused by: java.lang.ClassNotFoundException: com.jobintech.SpringMS.services.PersonneService
	at java.base/jdk.internal.loader.BuiltinClassLoader.loadClass(BuiltinClassLoader.java:580) ~[na:na]
	at java.base/java.lang.ClassLoader.loadClass(ClassLoader.java:490) ~[na:na]
	at java.base/java.lang.Class.forName0(Native Method) ~[na:na]
	at java.base/java.lang.Class.forName(Class.java:547) ~[na:na]
	at org.springframework.boot.devtools.restart.classloader.RestartClassLoader.loadClass(RestartClassLoader.java:123) ~[spring-boot-devtools-4.0.0.jar:4.0.0]
	at java.base/java.lang.ClassLoader.loadClass(ClassLoader.java:490) ~[na:na]
	... 27 common frames omitted

